#
# There is insufficient memory for the Java Runtime Environment to continue.
# Native memory allocation (malloc) failed to allocate 2306816 bytes for Chunk::new
# Possible reasons:
#   The system is out of physical RAM or swap space
#   In 32 bit mode, the process size limit was hit
# Possible solutions:
#   Reduce memory load on the system
#   Increase physical memory or swap space
#   Check if swap backing store is full
#   Use 64 bit Java on a 64 bit OS
#   Decrease Java heap size (-Xmx/-Xms)
#   Decrease number of Java threads
#   Decrease Java thread stack sizes (-Xss)
#   Set larger code cache with -XX:ReservedCodeCacheSize=
# This output file may be truncated or incomplete.
#
#  Out of Memory Error (allocation.cpp:390), pid=17428, tid=20316
#
# JRE version: Java(TM) SE Runtime Environment (8.0_65-b17) (build 1.8.0_65-b17)
# Java VM: Java HotSpot(TM) 64-Bit Server VM (25.65-b01 mixed mode windows-amd64 compressed oops)
# Failed to write core dump. Minidumps are not enabled by default on client versions of Windows
#

---------------  T H R E A D  ---------------

Current thread (0x0000000018a40800):  JavaThread "C2 CompilerThread0" daemon [_thread_in_native, id=20316, stack(0x000000001a130000,0x000000001a230000)]

Stack: [0x000000001a130000,0x000000001a230000]
[error occurred during error reporting (printing stack bounds), id 0xc0000005]

Native frames: (J=compiled Java code, j=interpreted, Vv=VM code, C=native code)


Current CompileTask:
C2:  50105  780       4       com.asl.graduationproject.NumbersTranslation::onFrame (2598 bytes)


---------------  P R O C E S S  ---------------

Java Threads: ( => current thread )
  0x000000000017e000 JavaThread "DestroyJavaVM" [_thread_blocked, id=6820, stack(0x00000000021f0000,0x00000000022f0000)]
  0x000000001abdf000 JavaThread "AWT-EventQueue-0" [_thread_in_native, id=20332, stack(0x000000001b910000,0x000000001ba10000)]
  0x000000001abd9800 JavaThread "AWT-Windows" daemon [_thread_in_native, id=9956, stack(0x000000001b5a0000,0x000000001b6a0000)]
  0x0000000018c3f000 JavaThread "AWT-Shutdown" [_thread_blocked, id=20188, stack(0x000000001a230000,0x000000001a330000)]
  0x0000000018c3e000 JavaThread "Java2D Disposer" daemon [_thread_blocked, id=11696, stack(0x000000001b3e0000,0x000000001b4e0000)]
  0x0000000018ad5000 JavaThread "Service Thread" daemon [_thread_blocked, id=14480, stack(0x000000001a850000,0x000000001a950000)]
  0x0000000018aa1800 JavaThread "C1 CompilerThread3" daemon [_thread_blocked, id=5684, stack(0x000000001a670000,0x000000001a770000)]
  0x0000000018a66000 JavaThread "C2 CompilerThread2" daemon [_thread_blocked, id=13432, stack(0x000000001a560000,0x000000001a660000)]
  0x0000000018a47800 JavaThread "C2 CompilerThread1" daemon [_thread_blocked, id=15452, stack(0x000000001a400000,0x000000001a500000)]
=>0x0000000018a40800 JavaThread "C2 CompilerThread0" daemon [_thread_in_native, id=20316, stack(0x000000001a130000,0x000000001a230000)]
  0x0000000018a3d000 JavaThread "Attach Listener" daemon [_thread_blocked, id=19256, stack(0x0000000019cc0000,0x0000000019dc0000)]
  0x000000001798f000 JavaThread "Signal Dispatcher" daemon [_thread_blocked, id=19940, stack(0x000000001a010000,0x000000001a110000)]
  0x000000001797f800 JavaThread "Finalizer" daemon [_thread_blocked, id=9920, stack(0x0000000019e10000,0x0000000019f10000)]
  0x0000000017979000 JavaThread "Reference Handler" daemon [_thread_blocked, id=16400, stack(0x0000000019b60000,0x0000000019c60000)]

Other Threads:
  0x00000000189e3000 VMThread [stack: 0x00000000199d0000,0x0000000019ad0000] [id=7144]
  0x0000000018af3800 WatcherThread [stack: 0x000000001aa40000,0x000000001ab40000] [id=16572]

VM state:at safepoint (normal execution)

VM Mutex/Monitor currently owned by a thread:  ([mutex/lock_event])
[0x000000000017c490] Threads_lock - owner thread: 0x00000000189e3000
[0x000000000017c990] Heap_lock - owner thread: 0x0000000018cb5000

Heap:
 PSYoungGen      total 394240K, used 392544K [0x00000000d5980000, 0x00000000edc80000, 0x0000000100000000)
  eden space 392192K, 100% used [0x00000000d5980000,0x00000000ed880000,0x00000000ed880000)
  from space 2048K, 17% used [0x00000000ed880000,0x00000000ed8d8000,0x00000000eda80000)
  to   space 2048K, 21% used [0x00000000eda80000,0x00000000edaf0000,0x00000000edc80000)
 ParOldGen       total 87552K, used 2773K [0x0000000080c00000, 0x0000000086180000, 0x00000000d5980000)
  object space 87552K, 3% used [0x0000000080c00000,0x0000000080eb57f0,0x0000000086180000)
 Metaspace       used 10354K, capacity 10576K, committed 10880K, reserved 1058816K
  class space    used 1202K, capacity 1291K, committed 1408K, reserved 1048576K

Card table byte_map: [0x0000000011980000,0x0000000011d80000] byte_map_base: 0x000000001157a000

Marking Bits: (ParMarkBitMap*) 0x000000005158a5b0
 Begin Bits: [0x0000000012bf0000, 0x0000000014bc0000)
 End Bits:   [0x0000000014bc0000, 0x0000000016b90000)

Polling page: 0x00000000001c0000

CodeCache: size=245760Kb used=3032Kb max_used=3044Kb free=242727Kb
 bounds [0x00000000025c0000, 0x00000000028c0000, 0x00000000115c0000]
 total_blobs=1249 nmethods=772 adapters=390
 compilation: enabled

Compilation events (10 events):
Event: 47.468 Thread 0x0000000018a66000  775       4       com.leapmotion.leap.FingerList::finalize (5 bytes)
Event: 47.475 Thread 0x0000000018a66000 nmethod 775 0x00000000028b5490 code [0x00000000028b55e0, 0x00000000028b5948]
Event: 47.484 Thread 0x0000000018a47800 nmethod 774 0x00000000028b26d0 code [0x00000000028b2880, 0x00000000028b3618]
Event: 48.178 Thread 0x0000000018a40800  777       4       java.lang.AbstractStringBuilder::append (50 bytes)
Event: 48.188 Thread 0x0000000018a40800 nmethod 777 0x00000000028aec90 code [0x00000000028aede0, 0x00000000028af1c8]
Event: 48.867 Thread 0x0000000018a66000  778   !   4       java.io.BufferedWriter::write (117 bytes)
Event: 48.880 Thread 0x0000000018a66000 nmethod 778 0x00000000028ae0d0 code [0x00000000028ae220, 0x00000000028ae878]
Event: 49.016 Thread 0x0000000018a47800  779   !   4       sun.nio.cs.StreamEncoder::flushBuffer (42 bytes)
Event: 49.021 Thread 0x0000000018a47800 nmethod 779 0x00000000028bc750 code [0x00000000028bc8a0, 0x00000000028bcc28]
Event: 49.564 Thread 0x0000000018a40800  780       4       com.asl.graduationproject.NumbersTranslation::onFrame (2598 bytes)

GC Heap History (10 events):
Event: 48.893 GC heap before
{Heap before GC invocations=33 (full 0):
 PSYoungGen      total 394240K, used 392608K [0x00000000d5980000, 0x00000000edc80000, 0x0000000100000000)
  eden space 392192K, 100% used [0x00000000d5980000,0x00000000ed880000,0x00000000ed880000)
  from space 2048K, 20% used [0x00000000eda80000,0x00000000edae8000,0x00000000edc80000)
  to   space 2048K, 0% used [0x00000000ed880000,0x00000000ed880000,0x00000000eda80000)
 ParOldGen       total 87552K, used 2765K [0x0000000080c00000, 0x0000000086180000, 0x00000000d5980000)
  object space 87552K, 3% used [0x0000000080c00000,0x0000000080eb37f0,0x0000000086180000)
 Metaspace       used 10354K, capacity 10576K, committed 10880K, reserved 1058816K
  class space    used 1202K, capacity 1291K, committed 1408K, reserved 1048576K
Event: 48.896 GC heap after
Heap after GC invocations=33 (full 0):
 PSYoungGen      total 394240K, used 576K [0x00000000d5980000, 0x00000000edc80000, 0x0000000100000000)
  eden space 392192K, 0% used [0x00000000d5980000,0x00000000d5980000,0x00000000ed880000)
  from space 2048K, 28% used [0x00000000ed880000,0x00000000ed910000,0x00000000eda80000)
  to   space 2048K, 0% used [0x00000000eda80000,0x00000000eda80000,0x00000000edc80000)
 ParOldGen       total 87552K, used 2765K [0x0000000080c00000, 0x0000000086180000, 0x00000000d5980000)
  object space 87552K, 3% used [0x0000000080c00000,0x0000000080eb37f0,0x0000000086180000)
 Metaspace       used 10354K, capacity 10576K, committed 10880K, reserved 1058816K
  class space    used 1202K, capacity 1291K, committed 1408K, reserved 1048576K
}
Event: 49.131 GC heap before
{Heap before GC invocations=34 (full 0):
 PSYoungGen      total 394240K, used 392768K [0x00000000d5980000, 0x00000000edc80000, 0x0000000100000000)
  eden space 392192K, 100% used [0x00000000d5980000,0x00000000ed880000,0x00000000ed880000)
  from space 2048K, 28% used [0x00000000ed880000,0x00000000ed910000,0x00000000eda80000)
  to   space 2048K, 0% used [0x00000000eda80000,0x00000000eda80000,0x00000000edc80000)
 ParOldGen       total 87552K, used 2765K [0x0000000080c00000, 0x0000000086180000, 0x00000000d5980000)
  object space 87552K, 3% used [0x0000000080c00000,0x0000000080eb37f0,0x0000000086180000)
 Metaspace       used 10354K, capacity 10576K, committed 10880K, reserved 1058816K
  class space    used 1202K, capacity 1291K, committed 1408K, reserved 1048576K
Event: 49.134 GC heap after
Heap after GC invocations=34 (full 0):
 PSYoungGen      total 394240K, used 448K [0x00000000d5980000, 0x00000000edc80000, 0x0000000100000000)
  eden space 392192K, 0% used [0x00000000d5980000,0x00000000d5980000,0x00000000ed880000)
  from space 2048K, 21% used [0x00000000eda80000,0x00000000edaf0000,0x00000000edc80000)
  to   space 2048K, 0% used [0x00000000ed880000,0x00000000ed880000,0x00000000eda80000)
 ParOldGen       total 87552K, used 2765K [0x0000000080c00000, 0x0000000086180000, 0x00000000d5980000)
  object space 87552K, 3% used [0x0000000080c00000,0x0000000080eb37f0,0x0000000086180000)
 Metaspace       used 10354K, capacity 10576K, committed 10880K, reserved 1058816K
  class space    used 1202K, capacity 1291K, committed 1408K, reserved 1048576K
}
Event: 49.366 GC heap before
{Heap before GC invocations=35 (full 0):
 PSYoungGen      total 394240K, used 392640K [0x00000000d5980000, 0x00000000edc80000, 0x0000000100000000)
  eden space 392192K, 100% used [0x00000000d5980000,0x00000000ed880000,0x00000000ed880000)
  from space 2048K, 21% used [0x00000000eda80000,0x00000000edaf0000,0x00000000edc80000)
  to   space 2048K, 0% used [0x00000000ed880000,0x00000000ed880000,0x00000000eda80000)
 ParOldGen       total 87552K, used 2765K [0x0000000080c00000, 0x0000000086180000, 0x00000000d5980000)
  object space 87552K, 3% used [0x0000000080c00000,0x0000000080eb37f0,0x0000000086180000)
 Metaspace       used 10354K, capacity 10576K, committed 10880K, reserved 1058816K
  class space    used 1202K, capacity 1291K, committed 1408K, reserved 1048576K
Event: 49.369 GC heap after
Heap after GC invocations=35 (full 0):
 PSYoungGen      total 394240K, used 384K [0x00000000d5980000, 0x00000000edc80000, 0x0000000100000000)
  eden space 392192K, 0% used [0x00000000d5980000,0x00000000d5980000,0x00000000ed880000)
  from space 2048K, 18% used [0x00000000ed880000,0x00000000ed8e0000,0x00000000eda80000)
  to   space 2048K, 0% used [0x00000000eda80000,0x00000000eda80000,0x00000000edc80000)
 ParOldGen       total 87552K, used 2765K [0x0000000080c00000, 0x0000000086180000, 0x00000000d5980000)
  object space 87552K, 3% used [0x0000000080c00000,0x0000000080eb37f0,0x0000000086180000)
 Metaspace       used 10354K, capacity 10576K, committed 10880K, reserved 1058816K
  class space    used 1202K, capacity 1291K, committed 1408K, reserved 1048576K
}
Event: 49.622 GC heap before
{Heap before GC invocations=36 (full 0):
 PSYoungGen      total 394240K, used 392576K [0x00000000d5980000, 0x00000000edc80000, 0x0000000100000000)
  eden space 392192K, 100% used [0x00000000d5980000,0x00000000ed880000,0x00000000ed880000)
  from space 2048K, 18% used [0x00000000ed880000,0x00000000ed8e0000,0x00000000eda80000)
  to   space 2048K, 0% used [0x00000000eda80000,0x00000000eda80000,0x00000000edc80000)
 ParOldGen       total 87552K, used 2765K [0x0000000080c00000, 0x0000000086180000, 0x00000000d5980000)
  object space 87552K, 3% used [0x0000000080c00000,0x0000000080eb37f0,0x0000000086180000)
 Metaspace       used 10354K, capacity 10576K, committed 10880K, reserved 1058816K
  class space    used 1202K, capacity 1291K, committed 1408K, reserved 1048576K
Event: 49.624 GC heap after
Heap after GC invocations=36 (full 0):
 PSYoungGen      total 394240K, used 384K [0x00000000d5980000, 0x00000000edc80000, 0x0000000100000000)
  eden space 392192K, 0% used [0x00000000d5980000,0x00000000d5980000,0x00000000ed880000)
  from space 2048K, 18% used [0x00000000eda80000,0x00000000edae0000,0x00000000edc80000)
  to   space 2048K, 0% used [0x00000000ed880000,0x00000000ed880000,0x00000000eda80000)
 ParOldGen       total 87552K, used 2765K [0x0000000080c00000, 0x0000000086180000, 0x00000000d5980000)
  object space 87552K, 3% used [0x0000000080c00000,0x0000000080eb37f0,0x0000000086180000)
 Metaspace       used 10354K, capacity 10576K, committed 10880K, reserved 1058816K
  class space    used 1202K, capacity 1291K, committed 1408K, reserved 1048576K
}
Event: 49.857 GC heap before
{Heap before GC invocations=37 (full 0):
 PSYoungGen      total 394240K, used 392576K [0x00000000d5980000, 0x00000000edc80000, 0x0000000100000000)
  eden space 392192K, 100% used [0x00000000d5980000,0x00000000ed880000,0x00000000ed880000)
  from space 2048K, 18% used [0x00000000eda80000,0x00000000edae0000,0x00000000edc80000)
  to   space 2048K, 0% used [0x00000000ed880000,0x00000000ed880000,0x00000000eda80000)
 ParOldGen       total 87552K, used 2765K [0x0000000080c00000, 0x0000000086180000, 0x00000000d5980000)
  object space 87552K, 3% used [0x0000000080c00000,0x0000000080eb37f0,0x0000000086180000)
 Metaspace       used 10354K, capacity 10576K, committed 10880K, reserved 1058816K
  class space    used 1202K, capacity 1291K, committed 1408K, reserved 1048576K
Event: 49.862 GC heap after
Heap after GC invocations=37 (full 0):
 PSYoungGen      total 394240K, used 352K [0x00000000d5980000, 0x00000000edc80000, 0x0000000100000000)
  eden space 392192K, 0% used [0x00000000d5980000,0x00000000d5980000,0x00000000ed880000)
  from space 2048K, 17% used [0x00000000ed880000,0x00000000ed8d8000,0x00000000eda80000)
  to   space 2048K, 0% used [0x00000000eda80000,0x00000000eda80000,0x00000000edc80000)
 ParOldGen       total 87552K, used 2773K [0x0000000080c00000, 0x0000000086180000, 0x00000000d5980000)
  object space 87552K, 3% used [0x0000000080c00000,0x0000000080eb57f0,0x0000000086180000)
 Metaspace       used 10354K, capacity 10576K, committed 10880K, reserved 1058816K
  class space    used 1202K, capacity 1291K, committed 1408K, reserved 1048576K
}

Deoptimization events (1 events):
Event: 1.027 Thread 0x000000001abdf000 Uncommon trap: reason=null_check action=make_not_entrant pc=0x000000000272ceb8 method=java.lang.String.equals(Ljava/lang/Object;)Z @ 8

Internal exceptions (10 events):
Event: 0.164 Thread 0x000000000017e000 Exception <a 'java/lang/NoSuchMethodError': Method sun.misc.Unsafe.prefetchRead(Ljava/lang/Object;J)V name or signature does not match> (0x00000000d59933a8) thrown at [C:\workspace\8-2-build-windows-amd64-cygwin\jdk8u65\4987\hotspot\src\share\vm\prims\jni.Âh”­)á?
Event: 0.536 Thread 0x000000000017e000 Exception <a 'java/security/PrivilegedActionException'> (0x00000000d5a17138) thrown at [C:\workspace\8-2-build-windows-amd64-cygwin\jdk8u65\4987\hotspot\src\share\vm\prims\jvm.cpp, line 1386]
Event: 0.536 Thread 0x000000000017e000 Exception <a 'java/security/PrivilegedActionException'> (0x00000000d5a17348) thrown at [C:\workspace\8-2-build-windows-amd64-cygwin\jdk8u65\4987\hotspot\src\share\vm\prims\jvm.cpp, line 1386]
Event: 0.540 Thread 0x000000000017e000 Exception <a 'java/security/PrivilegedActionException'> (0x00000000d5a1aef0) thrown at [C:\workspace\8-2-build-windows-amd64-cygwin\jdk8u65\4987\hotspot\src\share\vm\prims\jvm.cpp, line 1386]
Event: 0.540 Thread 0x000000000017e000 Exception <a 'java/security/PrivilegedActionException'> (0x00000000d5a1b100) thrown at [C:\workspace\8-2-build-windows-amd64-cygwin\jdk8u65\4987\hotspot\src\share\vm\prims\jvm.cpp, line 1386]
Event: 0.556 Thread 0x000000000017e000 Exception <a 'java/io/FileNotFoundException'> (0x00000000d5a1da08) thrown at [C:\workspace\8-2-build-windows-amd64-cygwin\jdk8u65\4987\hotspot\src\share\vm\prims\jni.cpp, line 709]
Event: 0.712 Thread 0x000000000017e000 Exception <a 'java/lang/NoSuchFieldError': method resolution failed> (0x00000000d5c38158) thrown at [C:\workspace\8-2-build-windows-amd64-cygwin\jdk8u65\4987\hotspot\src\share\vm\prims\methodHandles.cpp, line 1146]
Event: 0.719 Thread 0x000000000017e000 Exception <a 'java/lang/NoSuchFieldError': method resolution failed> (0x00000000d5c45528) thrown at [C:\workspace\8-2-build-windows-amd64-cygwin\jdk8u65\4987\hotspot\src\share\vm\prims\methodHandles.cpp, line 1146]
Event: 0.961 Thread 0x000000001abdf000 Exception <a 'java/io/FileNotFoundException'> (0x00000000d5e1ba90) thrown at [C:\workspace\8-2-build-windows-amd64-cygwin\jdk8u65\4987\hotspot\src\share\vm\prims\jni.cpp, line 709]
Event: 1.027 Thread 0x000000001abdf000 Implicit null exception at 0x000000000272cce2 to 0x000000000272cea9

Events (10 events):
Event: 50.040 Thread 0x0000000018cb5000 Thread added: 0x0000000018cb5000
Event: 50.042 Thread 0x0000000018cb5000 Thread exited: 0x0000000018cb5000
Event: 50.047 Thread 0x0000000018cb5000 Thread added: 0x0000000018cb5000
Event: 50.048 Thread 0x0000000018cb5000 Thread exited: 0x0000000018cb5000
Event: 50.048 Thread 0x0000000018cb5000 Thread added: 0x0000000018cb5000
Event: 50.050 Thread 0x0000000018cb5000 Thread exited: 0x0000000018cb5000
Event: 50.060 Thread 0x0000000018cb5000 Thread added: 0x0000000018cb5000
Event: 50.060 Thread 0x0000000018cb5000 Thread exited: 0x0000000018cb5000
Event: 50.060 Thread 0x0000000018cb5000 Thread added: 0x0000000018cb5000
Event: 50.062 Thread 0x0000000018cb5000 Thread exited: 0x0000000018cb5000


Dynamic libraries:
0x000000013fc50000 - 0x000000013fc87000 	C:\Program Files\Java\jre1.8.0_65\bin\javaw.exe
0x0000000077460000 - 0x000000007760b000 	C:\Windows\SYSTEM32\ntdll.dll
0x0000000076ee0000 - 0x0000000076fff000 	C:\Windows\system32\kernel32.dll
0x000007fefd970000 - 0x000007fefd9dc000 	C:\Windows\system32\KERNELBASE.dll
0x000007fefe260000 - 0x000007fefe33b000 	C:\Windows\system32\ADVAPI32.dll
0x000007fefe340000 - 0x000007fefe3df000 	C:\Windows\system32\msvcrt.dll
0x000007fefded0000 - 0x000007fefdeef000 	C:\Windows\SYSTEM32\sechost.dll
0x000007fefe5f0000 - 0x000007fefe71d000 	C:\Windows\system32\RPCRT4.dll
0x0000000077360000 - 0x000000007745a000 	C:\Windows\system32\USER32.dll
0x000007fefe720000 - 0x000007fefe787000 	C:\Windows\system32\GDI32.dll
0x000007fefe110000 - 0x000007fefe11e000 	C:\Windows\system32\LPK.dll
0x000007fefe790000 - 0x000007fefe859000 	C:\Windows\system32\USP10.dll
0x000007fefc340000 - 0x000007fefc534000 	C:\Windows\WinSxS\amd64_microsoft.windows.common-controls_6595b64144ccf1df_6.0.7601.17514_none_fa396087175ac9ac\COMCTL32.dll
0x000007fefe1e0000 - 0x000007fefe251000 	C:\Windows\system32\SHLWAPI.dll
0x000007fefdef0000 - 0x000007fefdf1e000 	C:\Windows\system32\IMM32.DLL
0x000007fefdfb0000 - 0x000007fefe0b9000 	C:\Windows\system32\MSCTF.dll
0x0000000050560000 - 0x0000000050632000 	C:\Program Files\Java\jre1.8.0_65\bin\msvcr100.dll
0x0000000050d80000 - 0x0000000051609000 	C:\Program Files\Java\jre1.8.0_65\bin\server\jvm.dll
0x000007fefa780000 - 0x000007fefa789000 	C:\Windows\system32\WSOCK32.dll
0x000007fefe0c0000 - 0x000007fefe10d000 	C:\Windows\system32\WS2_32.dll
0x000007fefdfa0000 - 0x000007fefdfa8000 	C:\Windows\system32\NSI.dll
0x000007fef7460000 - 0x000007fef749b000 	C:\Windows\system32\WINMM.dll
0x000007fefc9d0000 - 0x000007fefc9dc000 	C:\Windows\system32\VERSION.dll
0x0000000077630000 - 0x0000000077637000 	C:\Windows\system32\PSAPI.DLL
0x000000005d150000 - 0x000000005d15f000 	C:\Program Files\Java\jre1.8.0_65\bin\verify.dll
0x00000000535d0000 - 0x00000000535f9000 	C:\Program Files\Java\jre1.8.0_65\bin\java.dll
0x000000005d130000 - 0x000000005d146000 	C:\Program Files\Java\jre1.8.0_65\bin\zip.dll
0x000007fefe860000 - 0x000007feff5e8000 	C:\Windows\system32\SHELL32.dll
0x000007fefe3e0000 - 0x000007fefe5e3000 	C:\Windows\system32\ole32.dll
0x000007fefd880000 - 0x000007fefd88f000 	C:\Windows\system32\profapi.dll
0x0000000053320000 - 0x00000000534b8000 	C:\Program Files\Java\jre1.8.0_65\bin\awt.dll
0x000007feff5f0000 - 0x000007feff6c7000 	C:\Windows\system32\OLEAUT32.dll
0x000007fefc160000 - 0x000007fefc1b6000 	C:\Windows\system32\uxtheme.dll
0x000000006c700000 - 0x000000006c706000 	C:\Program Files\ESET\ESET NOD32 Antivirus\eplgHooks.dll
0x000007fefbd30000 - 0x000007fefbd48000 	C:\Windows\system32\dwmapi.dll
0x000007fefd7b0000 - 0x000007fefd7bf000 	C:\Windows\system32\CRYPTBASE.dll
0x0000000053580000 - 0x00000000535c7000 	C:\Program Files\Java\jre1.8.0_65\bin\fontmanager.dll
0x000007fefe140000 - 0x000007fefe1d9000 	C:\Windows\system32\CLBCatQ.DLL
0x000000005cef0000 - 0x000000005cf0a000 	C:\Program Files\Java\jre1.8.0_65\bin\net.dll
0x000007fefd0f0000 - 0x000007fefd145000 	C:\Windows\system32\mswsock.dll
0x000007fefd0e0000 - 0x000007fefd0e7000 	C:\Windows\System32\wship6.dll
0x000000005b930000 - 0x000000005b941000 	C:\Program Files\Java\jre1.8.0_65\bin\nio.dll
0x0000000052e00000 - 0x0000000052e42000 	C:\Program Files\Java\jre1.8.0_65\bin\t2k.dll
0x000007fef29c0000 - 0x000007fef29fe000 	C:\Users\lapservice\Documents\GitHub\ALS-LeapMotion-\LeapJava.dll
0x000007fef3110000 - 0x000007fef31b6000 	C:\Program Files\Java\jre1.8.0_65\bin\MSVCP120.dll
0x000007fef17d0000 - 0x000007fef18bf000 	C:\Program Files\Java\jre1.8.0_65\bin\MSVCR120.dll
0x000007feea600000 - 0x000007feea85e000 	C:\Users\lapservice\Documents\GitHub\ALS-LeapMotion-\Leap.dll
0x000007fefb960000 - 0x000007fefb98d000 	C:\Windows\system32\ntmarta.dll
0x000007fefde70000 - 0x000007fefdec2000 	C:\Windows\system32\WLDAP32.dll

VM Arguments:
jvm_args: -Djava.library.path=C:\Users\lapservice\Documents\GitHub\ALS-LeapMotion- -Dfile.encoding=Cp1256 
java_command: com.asl.graduationproject.Main_GUI
java_class_path (initial): C:\Users\lapservice\Documents\GitHub\ALS-LeapMotion-\bin;C:\Users\lapservice\Documents\GitHub\ALS-LeapMotion-\LeapJava.jar;C:\Users\lapservice\Documents\GitHub\ALS-LeapMotion-\RXTXcomm.jar
Launcher Type: SUN_STANDARD

Environment Variables:
PATH=C:\Users\lapservice\Documents\GitHub\ALS-LeapMotion-;am Files/Java/jre1.8.0_65/bin;C:/Program Files/Java/jre1.8.0_65/lib/amd64;c:\MinGW\bin;c:\MinGW\libexec\gcc\x86_64-pc-mingw32\4.9.1;c:\users\lapservice\gcc\bin;c:\users\lapservice\gcc\libexec\gcc\x86_64-pc-mingw32\4.9.1;C:\ProgramData\Oracle\Java\javapath;C:\Windows\system32;C:\Windows;C:\Windows\System32\Wbem;C:\Windows\System32\WindowsPowerShell\v1.0\;C:\Program Files\MATLAB\R2014b\bin;C:\Program Files (x86)\Windows Kits\8.1\Windows Performance Toolkit\;C:\Program Files\Microsoft SQL Server\110\Tools\Binn\;C:\Program Files\nodejs\;C:\HashiCorp\Vagrant\bin;C:\Program Files\Intel\WiFi\bin\;C:\Program Files\Common Files\Intel\WirelessCommon\;E:\Matlab\runtime\win64;E:\Matlab\bin;C:\Users\lapservice\AppData\Roaming\npm;C:\Program Files\Intel\WiFi\bin\;C:\Program Files\Common Files\Intel\WirelessCommon\;E:\eclipse;C:/Program Files/Java/jre1.8.0_65/bin/server;C:/Program Files/Java/jre1.8.0_65/bin;C:/Program Files/Java/jre1.8.0_65/lib/amd64;c:\MinGW\bin;c:\MinGW\libexec\gcc\x86_64-pc-mingw32\4.9.1;c:\users\lapservice\gcc\bin;c:\users\lapservice\gcc\libexec\gcc\x86_64-pc-mingw32\4.9.1;C:\ProgramData\Oracle\Java\javapath;C:\Windows\system32;C:\Windows;C:\Windows\System32\Wbem;C:\Windows\System32\WindowsPowerShell\v1.0\;C:\Program Files\MATLAB\R2014b\bin;C:\Program Files (x86)\Windows Kits\8.1\Windows Performance Toolkit\;C:\Program Files\Microsoft SQL Server\110\Tools\Binn\;C:\Program Files\nodejs\;C:\HashiCorp\Vagrant\bin;C:\Program Files\Intel\WiFi\bin\;C:\Program Files\Common Files\Intel\WirelessCommon\;E:\Matlab\runtime\win64;E:\Matlab\bin;C:\Users\lapservice\AppData\Roaming\npm;C:\Program Files\Intel\WiFi\bin\;C:\Program Files\Common Files\Intel\WirelessCommon\;E:\eclipse;
USERNAME=lapservice
OS=Windows_NT
PROCESSOR_IDENTIFIER=Intel64 Family 6 Model 42 Stepping 7, GenuineIntel



---------------  S Y S T E M  ---------------

OS: Windows 7 , 64 bit Build 7601 (6.1.7601.22106)

CPU:total 8 (4 cores per cpu, 2 threads per core) family 6 model 42 stepping 7, cmov, cx8, fxsr, mmx, sse, sse2, sse3, ssse3, sse4.1, sse4.2, popcnt, avx, aes, clmul, ht, tsc, tscinvbit

Memory: 4k page, physical 8335216k(860820k free), swap 22428864k(5628k free)

vm_info: Java HotSpot(TM) 64-Bit Server VM (25.65-b01) for windows-amd64 JRE (1.8.0_65-b17), built on Oct  6 2015 16:39:20 by "java_re" with MS VC++ 10.0 (VS2010)

time: Sun Jan 03 13:24:16 2016
elapsed time: 50 seconds (0d 0h 0m 50s)

